2024.07.08 14:00:32 INFO  Started: Metals version 1.3.2 in folders 'D:\UCSC\FP\Practical 04\practical-04' for client Visual Studio Code 1.91.0.
SLF4J(W): Class path contains multiple SLF4J providers.
SLF4J(W): Found provider [scribe.slf4j.ScribeServiceProvider@3910db91]
SLF4J(W): Found provider [ch.qos.logback.classic.spi.LogbackServiceProvider@621df74e]
SLF4J(W): See https://www.slf4j.org/codes.html#multiple_bindings for an explanation.
SLF4J(I): Actual provider is of type [scribe.slf4j.ScribeServiceProvider@3910db91]
2024.07.08 14:00:32 WARN  Flyway upgrade recommended: H2 2.2.224 is newer than this version of Flyway and support has not been tested. The latest supported version of H2 is 2.2.220.
2024.07.08 14:00:33 INFO  no build target found for D:\UCSC\FP\Practical 04\practical-04\src\main\scala\Main.scala. Using presentation compiler with project's scala-library version: 3.3.3
2024.07.08 14:00:37 INFO  no build target found for d:\UCSC\FP\Practical 04\practical-04\src\main\scala\Main.scala. Using presentation compiler with project's scala-library version: 3.3.3
2024.07.08 14:00:37 INFO  no build target found for D:\UCSC\FP\Practical 04\practical-04\src\main\scala\question1.scala. Using presentation compiler with project's scala-library version: 3.3.3
2024.07.08 14:00:39 INFO  no build target found for D:\UCSC\FP\Practical 04\practical-04\src\main\scala\question1.scala. Using presentation compiler with project's scala-library version: 3.3.3
2024.07.08 14:00:39 INFO  running 'C:\Users\pehan\AppData\Local\Coursier\cache\arc\https\github.com\adoptium\temurin17-binaries\releases\download\jdk-17%252B35\OpenJDK17-jdk_x64_windows_hotspot_17_35.zip\jdk-17+35\bin\java.exe -Djline.terminal=jline.UnsupportedTerminal -Dsbt.log.noformat=true -Dfile.encoding=UTF-8 -jar C:\Users\pehan\AppData\Local\Temp\metals16784541217817613236\sbt-launch.jar -Dbloop.export-jar-classifiers=sources bloopInstall'
2024.07.08 14:00:43 WARN  no build target for: D:\UCSC\FP\Practical 04\practical-04\src\main\scala\question1.scala
2024.07.08 14:00:43 INFO  no build target found for D:\UCSC\FP\Practical 04\practical-04\src\main\scala\question1.scala. Using presentation compiler with project's scala-library version: 3.3.3
2024.07.08 14:00:43 INFO  no build target found for D:\UCSC\FP\Practical 04\practical-04\src\main\scala\question1.scala. Using presentation compiler with project's scala-library version: 3.3.3
2024.07.08 14:00:44 INFO  no build target found for D:\UCSC\FP\Practical 04\practical-04\src\main\scala\question1.scala. Using presentation compiler with project's scala-library version: 3.3.3
2024.07.08 14:00:45 INFO  no build target found for D:\UCSC\FP\Practical 04\practical-04\src\main\scala\question1.scala. Using presentation compiler with project's scala-library version: 3.3.3
2024.07.08 14:00:52 INFO  [info] welcome to sbt 1.9.9 (Eclipse Adoptium Java 17)
2024.07.08 14:00:54 INFO  no build target found for D:\UCSC\FP\Practical 04\practical-04\src\main\scala\question1.scala. Using presentation compiler with project's scala-library version: 3.3.3
2024.07.08 14:00:56 INFO  [info] loading settings for project practical-04-build-build from metals.sbt ...
2024.07.08 14:00:56 INFO  no build target found for D:\UCSC\FP\Practical 04\practical-04\src\main\scala\question1.scala. Using presentation compiler with project's scala-library version: 3.3.3
2024.07.08 14:00:56 INFO  no build target found for D:\UCSC\FP\Practical 04\practical-04\src\main\scala\question1.scala. Using presentation compiler with project's scala-library version: 3.3.3
2024.07.08 14:00:56 INFO  no build target found for D:\UCSC\FP\Practical 04\practical-04\src\main\scala\question1.scala. Using presentation compiler with project's scala-library version: 3.3.3
2024.07.08 14:00:56 INFO  [info] loading project definition from D:\UCSC\FP\Practical 04\practical-04\project\project
2024.07.08 14:00:56 INFO  no build target found for D:\UCSC\FP\Practical 04\practical-04\src\main\scala\question1.scala. Using presentation compiler with project's scala-library version: 3.3.3
2024.07.08 14:00:58 INFO  no build target found for D:\UCSC\FP\Practical 04\practical-04\src\main\scala\question1.scala. Using presentation compiler with project's scala-library version: 3.3.3
2024.07.08 14:00:58 INFO  no build target found for D:\UCSC\FP\Practical 04\practical-04\src\main\scala\question1.scala. Using presentation compiler with project's scala-library version: 3.3.3
2024.07.08 14:00:58 INFO  no build target found for D:\UCSC\FP\Practical 04\practical-04\src\main\scala\question1.scala. Using presentation compiler with project's scala-library version: 3.3.3
2024.07.08 14:00:59 INFO  no build target found for D:\UCSC\FP\Practical 04\practical-04\src\main\scala\question1.scala. Using presentation compiler with project's scala-library version: 3.3.3
2024.07.08 14:00:59 INFO  no build target found for D:\UCSC\FP\Practical 04\practical-04\src\main\scala\question1.scala. Using presentation compiler with project's scala-library version: 3.3.3
2024.07.08 14:01:01 INFO  [info] loading settings for project practical-04-build from metals.sbt ...
2024.07.08 14:01:01 INFO  [info] loading project definition from D:\UCSC\FP\Practical 04\practical-04\project
2024.07.08 14:01:01 INFO  no build target found for D:\UCSC\FP\Practical 04\practical-04\src\main\scala\question1.scala. Using presentation compiler with project's scala-library version: 3.3.3
2024.07.08 14:01:03 WARN  no build target for: D:\UCSC\FP\Practical 04\practical-04\src\main\scala\question1.scala
2024.07.08 14:01:03 INFO  no build target found for D:\UCSC\FP\Practical 04\practical-04\src\main\scala\question1.scala. Using presentation compiler with project's scala-library version: 3.3.3
2024.07.08 14:01:03 INFO  no build target found for D:\UCSC\FP\Practical 04\practical-04\src\main\scala\question1.scala. Using presentation compiler with project's scala-library version: 3.3.3
2024.07.08 14:01:07 INFO  [success] Generated .bloop\practical-04-build.json
2024.07.08 14:01:07 INFO  [success] Total time: 7 s, completed 8 Jul 2024, 14:01:08
2024.07.08 14:01:11 INFO  [info] loading settings for project practical-04 from build.sbt ...
2024.07.08 14:01:11 INFO  [info] set current project to hello-world (in build file:/D:/UCSC/FP/Practical%2004/practical-04/)
2024.07.08 14:01:12 INFO  [success] Generated .bloop\practical-04-test.json
2024.07.08 14:01:12 INFO  [success] Generated .bloop\practical-04.json
2024.07.08 14:01:12 INFO  [success] Total time: 1 s, completed 8 Jul 2024, 14:01:12
2024.07.08 14:01:13 INFO  time: ran 'sbt bloopInstall' in 34s
2024.07.08 14:01:13 INFO  Attempting to connect to the build server...
2024.07.08 14:01:13 INFO  tracing is disabled for protocol BSP, to enable tracing of incoming and outgoing JSON messages create an empty file at D:\UCSC\FP\Practical 04\practical-04\.metals\bsp.trace.json or C:\Users\pehan\AppData\Local\scalameta\metals\cache\bsp.trace.json
2024.07.08 14:01:13 INFO  Attempting to connect to the build server...
2024.07.08 14:01:13 INFO  tracing is disabled for protocol BSP, to enable tracing of incoming and outgoing JSON messages create an empty file at D:\UCSC\FP\Practical 04\practical-04\project\.metals\bsp.trace.json or C:\Users\pehan\AppData\Local\scalameta\metals\cache\bsp.trace.json
2024.07.08 14:01:13 INFO  time: Connected to build server in 0.45s
2024.07.08 14:01:13 INFO  Connected to Build server: Bloop v1.5.18
2024.07.08 14:01:27 INFO  time: indexed workspace in 13s
2024.07.08 14:01:28 INFO  compiling practical-04 (1 scala source)
2024.07.08 14:01:33 INFO  time: compiled practical-04 in 4.95s
2024.07.08 14:03:13 ERROR Failed to tokenize input for semantic tokens for D:\UCSC\FP\Practical 04\practical-04\src\main\scala\question1.scala
scala.meta.tokenizers.TokenizeException: <input>:11: error: unclosed string literal
----")
    ^
	at scala.meta.internal.tokenizers.Reporter.syntaxError(Reporter.scala:23)
	at scala.meta.internal.tokenizers.Reporter.syntaxError$(Reporter.scala:23)
	at scala.meta.internal.tokenizers.Reporter$$anon$1.syntaxError(Reporter.scala:32)
	at scala.meta.internal.tokenizers.Reporter.syntaxError(Reporter.scala:25)
	at scala.meta.internal.tokenizers.Reporter.syntaxError$(Reporter.scala:25)
	at scala.meta.internal.tokenizers.Reporter$$anon$1.syntaxError(Reporter.scala:32)
	at scala.meta.internal.tokenizers.LegacyScanner.getStringLit(LegacyScanner.scala:509)
	at scala.meta.internal.tokenizers.LegacyScanner.fetchDoubleQuote$1(LegacyScanner.scala:361)
	at scala.meta.internal.tokenizers.LegacyScanner.fetchToken(LegacyScanner.scala:363)
	at scala.meta.internal.tokenizers.LegacyScanner.nextToken(LegacyScanner.scala:201)
	at scala.meta.internal.tokenizers.LegacyScanner.foreach(LegacyScanner.scala:912)
	at scala.meta.internal.tokenizers.ScalametaTokenizer.uncachedTokenize(ScalametaTokenizer.scala:23)
	at scala.meta.internal.tokenizers.ScalametaTokenizer.$anonfun$tokenize$1(ScalametaTokenizer.scala:17)
	at scala.collection.concurrent.TrieMap.getOrElseUpdate(TrieMap.scala:960)
	at scala.meta.internal.tokenizers.ScalametaTokenizer.tokenize(ScalametaTokenizer.scala:17)
	at scala.meta.internal.tokenizers.ScalametaTokenizer$$anon$2.apply(ScalametaTokenizer.scala:322)
	at scala.meta.tokenizers.Api$XtensionTokenizeDialectInput.tokenize(Api.scala:22)
	at scala.meta.tokenizers.Api$XtensionTokenizeInputLike.tokenize(Api.scala:13)
	at scala.meta.internal.metals.SemanticTokensProvider$.getTokens(SemanticTokensProvider.scala:30)
	at scala.meta.internal.metals.SemanticTokensProvider$.provide(SemanticTokensProvider.scala:89)
	at scala.meta.internal.metals.Compilers.$anonfun$semanticTokens$3(Compilers.scala:545)
	at scala.concurrent.impl.Promise$Transformation.run(Promise.scala:467)
	at java.util.concurrent.ThreadPoolExecutor.runWorker(ThreadPoolExecutor.java:1136)
	at java.util.concurrent.ThreadPoolExecutor$Worker.run(ThreadPoolExecutor.java:635)
	at java.lang.Thread.run(Thread.java:833)

2024.07.08 14:03:14 ERROR Failed to tokenize input for semantic tokens for D:\UCSC\FP\Practical 04\practical-04\src\main\scala\question1.scala
scala.meta.tokenizers.TokenizeException: <input>:10: error: unclosed string literal
    }----")
         ^
	at scala.meta.internal.tokenizers.Reporter.syntaxError(Reporter.scala:23)
	at scala.meta.internal.tokenizers.Reporter.syntaxError$(Reporter.scala:23)
	at scala.meta.internal.tokenizers.Reporter$$anon$1.syntaxError(Reporter.scala:32)
	at scala.meta.internal.tokenizers.Reporter.syntaxError(Reporter.scala:25)
	at scala.meta.internal.tokenizers.Reporter.syntaxError$(Reporter.scala:25)
	at scala.meta.internal.tokenizers.Reporter$$anon$1.syntaxError(Reporter.scala:32)
	at scala.meta.internal.tokenizers.LegacyScanner.getStringLit(LegacyScanner.scala:509)
	at scala.meta.internal.tokenizers.LegacyScanner.fetchDoubleQuote$1(LegacyScanner.scala:361)
	at scala.meta.internal.tokenizers.LegacyScanner.fetchToken(LegacyScanner.scala:363)
	at scala.meta.internal.tokenizers.LegacyScanner.nextToken(LegacyScanner.scala:201)
	at scala.meta.internal.tokenizers.LegacyScanner.foreach(LegacyScanner.scala:912)
	at scala.meta.internal.tokenizers.ScalametaTokenizer.uncachedTokenize(ScalametaTokenizer.scala:23)
	at scala.meta.internal.tokenizers.ScalametaTokenizer.$anonfun$tokenize$1(ScalametaTokenizer.scala:17)
	at scala.collection.concurrent.TrieMap.getOrElseUpdate(TrieMap.scala:960)
	at scala.meta.internal.tokenizers.ScalametaTokenizer.tokenize(ScalametaTokenizer.scala:17)
	at scala.meta.internal.tokenizers.ScalametaTokenizer$$anon$2.apply(ScalametaTokenizer.scala:322)
	at scala.meta.tokenizers.Api$XtensionTokenizeDialectInput.tokenize(Api.scala:22)
	at scala.meta.tokenizers.Api$XtensionTokenizeInputLike.tokenize(Api.scala:13)
	at scala.meta.internal.metals.SemanticTokensProvider$.getTokens(SemanticTokensProvider.scala:30)
	at scala.meta.internal.metals.SemanticTokensProvider$.provide(SemanticTokensProvider.scala:89)
	at scala.meta.internal.metals.Compilers.$anonfun$semanticTokens$3(Compilers.scala:545)
	at scala.concurrent.impl.Promise$Transformation.run(Promise.scala:467)
	at java.util.concurrent.ThreadPoolExecutor.runWorker(ThreadPoolExecutor.java:1136)
	at java.util.concurrent.ThreadPoolExecutor$Worker.run(ThreadPoolExecutor.java:635)
	at java.lang.Thread.run(Thread.java:833)

2024.07.08 14:03:15 ERROR Failed to tokenize input for semantic tokens for D:\UCSC\FP\Practical 04\practical-04\src\main\scala\question1.scala
scala.meta.tokenizers.TokenizeException: <input>:11: error: unclosed string literal
----")
    ^
	at scala.meta.internal.tokenizers.Reporter.syntaxError(Reporter.scala:23)
	at scala.meta.internal.tokenizers.Reporter.syntaxError$(Reporter.scala:23)
	at scala.meta.internal.tokenizers.Reporter$$anon$1.syntaxError(Reporter.scala:32)
	at scala.meta.internal.tokenizers.Reporter.syntaxError(Reporter.scala:25)
	at scala.meta.internal.tokenizers.Reporter.syntaxError$(Reporter.scala:25)
	at scala.meta.internal.tokenizers.Reporter$$anon$1.syntaxError(Reporter.scala:32)
	at scala.meta.internal.tokenizers.LegacyScanner.getStringLit(LegacyScanner.scala:509)
	at scala.meta.internal.tokenizers.LegacyScanner.fetchDoubleQuote$1(LegacyScanner.scala:361)
	at scala.meta.internal.tokenizers.LegacyScanner.fetchToken(LegacyScanner.scala:363)
	at scala.meta.internal.tokenizers.LegacyScanner.nextToken(LegacyScanner.scala:201)
	at scala.meta.internal.tokenizers.LegacyScanner.foreach(LegacyScanner.scala:912)
	at scala.meta.internal.tokenizers.ScalametaTokenizer.uncachedTokenize(ScalametaTokenizer.scala:23)
	at scala.meta.internal.tokenizers.ScalametaTokenizer.$anonfun$tokenize$1(ScalametaTokenizer.scala:17)
	at scala.collection.concurrent.TrieMap.getOrElseUpdate(TrieMap.scala:960)
	at scala.meta.internal.tokenizers.ScalametaTokenizer.tokenize(ScalametaTokenizer.scala:17)
	at scala.meta.internal.tokenizers.ScalametaTokenizer$$anon$2.apply(ScalametaTokenizer.scala:322)
	at scala.meta.tokenizers.Api$XtensionTokenizeDialectInput.tokenize(Api.scala:22)
	at scala.meta.tokenizers.Api$XtensionTokenizeInputLike.tokenize(Api.scala:13)
	at scala.meta.internal.metals.SemanticTokensProvider$.getTokens(SemanticTokensProvider.scala:30)
	at scala.meta.internal.metals.SemanticTokensProvider$.provide(SemanticTokensProvider.scala:89)
	at scala.meta.internal.metals.Compilers.$anonfun$semanticTokens$3(Compilers.scala:545)
	at scala.concurrent.impl.Promise$Transformation.run(Promise.scala:467)
	at java.util.concurrent.ThreadPoolExecutor.runWorker(ThreadPoolExecutor.java:1136)
	at java.util.concurrent.ThreadPoolExecutor$Worker.run(ThreadPoolExecutor.java:635)
	at java.lang.Thread.run(Thread.java:833)

2024.07.08 14:03:25 INFO  compiling practical-04 (1 scala source)
2024.07.08 14:03:27 INFO  time: compiled practical-04 in 2.42s
Jul 08, 2024 2:05:45 PM org.eclipse.lsp4j.jsonrpc.RemoteEndpoint handleCancellation
WARNING: Unmatched cancel notification for request id 175
Jul 08, 2024 2:05:46 PM org.eclipse.lsp4j.jsonrpc.RemoteEndpoint handleCancellation
WARNING: Unmatched cancel notification for request id 176
2024.07.08 14:10:41 INFO  compiling practical-04 (1 scala source)
2024.07.08 14:10:44 INFO  time: compiled practical-04 in 2.34s
2024.07.08 14:11:38 INFO  compiling practical-04 (1 scala source)
2024.07.08 14:11:40 INFO  time: compiled practical-04 in 2.21s
2024.07.08 14:12:37 INFO  no build target found for D:\UCSC\FP\Practical 04\practical-04\src\question2.scala. Using presentation compiler with project's scala-library version: 2.13.12
2024.07.08 14:12:37 INFO  no build target found for D:\UCSC\FP\Practical 04\practical-04\src\question2.scala. Using presentation compiler with project's scala-library version: 2.13.12
2024.07.08 14:18:45 INFO  tracing is disabled for protocol BSP, to enable tracing of incoming and outgoing JSON messages create an empty file at D:\UCSC\FP\Practical 04\practical-04\.metals\bsp.trace.json or C:\Users\pehan\AppData\Local\scalameta\metals\cache\bsp.trace.json
2024.07.08 14:18:45 INFO  Connected to Build server: Bloop v1.5.18
2024.07.08 14:18:45 INFO  tracing is disabled for protocol BSP, to enable tracing of incoming and outgoing JSON messages create an empty file at D:\UCSC\FP\Practical 04\practical-04\project\.metals\bsp.trace.json or C:\Users\pehan\AppData\Local\scalameta\metals\cache\bsp.trace.json
2024.07.08 14:20:22 INFO  no build target found for D:\UCSC\FP\Practical 04\practical-04\src\question2.scala. Using presentation compiler with project's scala-library version: 2.13.12
2024.07.08 14:20:22 INFO  no build target found for D:\UCSC\FP\Practical 04\practical-04\src\question2.scala. Using presentation compiler with project's scala-library version: 2.13.12
2024.07.08 14:20:22 INFO  no build target found for D:\UCSC\FP\Practical 04\practical-04\src\question2.scala. Using presentation compiler with project's scala-library version: 2.13.12
2024.07.08 14:20:22 INFO  no build target found for D:\UCSC\FP\Practical 04\practical-04\src\question2.scala. Using presentation compiler with project's scala-library version: 2.13.12
2024.07.08 14:20:24 INFO  time: code lens generation in 1.39s
2024.07.08 14:20:24 INFO  no build target found for D:\UCSC\FP\Practical 04\practical-04\src\question2.scala. Using presentation compiler with project's scala-library version: 2.13.12
2024.07.08 14:20:29 INFO  no build target found for D:\UCSC\FP\Practical 04\practical-04\src\question2.scala. Using presentation compiler with project's scala-library version: 2.13.12
2024.07.08 14:20:30 INFO  no build target found for D:\UCSC\FP\Practical 04\practical-04\src\question2.scala. Using presentation compiler with project's scala-library version: 2.13.12
2024.07.08 14:20:30 INFO  no build target found for D:\UCSC\FP\Practical 04\practical-04\src\question2.scala. Using presentation compiler with project's scala-library version: 2.13.12
Jul 08, 2024 2:20:31 PM scala.meta.internal.pc.CompilerAccess handleError
SEVERE: A severe compiler error occurred, full details of the error can be found in the error report D:\UCSC\FP\Practical 04\practical-04\.metals\.reports\metals-full\2024-07-08\r_compiler-error_14-20-31-055.md
2024.07.08 14:20:31 INFO  no build target found for D:\UCSC\FP\Practical 04\practical-04\src\question2.scala. Using presentation compiler with project's scala-library version: 2.13.12
2024.07.08 14:20:30 INFO  no build target found for D:\UCSC\FP\Practical 04\practical-04\src\question2.scala. Using presentation compiler with project's scala-library version: 2.13.12
2024.07.08 14:20:31 INFO  no build target found for D:\UCSC\FP\Practical 04\practical-04\src\question2.scala. Using presentation compiler with project's scala-library version: 2.13.12
Jul 08, 2024 2:20:31 PM scala.meta.internal.pc.CompilerAccess handleError
SEVERE: A severe compiler error occurred, full details of the error can be found in the error report D:\UCSC\FP\Practical 04\practical-04\.metals\.reports\metals-full\2024-07-08\r_compiler-error_14-20-31-780.md
2024.07.08 14:20:32 INFO  no build target found for D:\UCSC\FP\Practical 04\practical-04\src\question2.scala. Using presentation compiler with project's scala-library version: 2.13.12
2024.07.08 14:20:32 INFO  no build target found for D:\UCSC\FP\Practical 04\practical-04\src\question2.scala. Using presentation compiler with project's scala-library version: 2.13.12
2024.07.08 14:20:32 INFO  no build target found for D:\UCSC\FP\Practical 04\practical-04\src\question2.scala. Using presentation compiler with project's scala-library version: 2.13.12
Jul 08, 2024 2:20:32 PM scala.meta.internal.pc.CompilerAccess handleError
SEVERE: A severe compiler error occurred, full details of the error can be found in the error report D:\UCSC\FP\Practical 04\practical-04\.metals\.reports\metals-full\2024-07-08\r_compiler-error_14-20-32-791.md
2024.07.08 14:20:32 INFO  no build target found for D:\UCSC\FP\Practical 04\practical-04\src\question2.scala. Using presentation compiler with project's scala-library version: 2.13.12
2024.07.08 14:20:33 INFO  no build target found for D:\UCSC\FP\Practical 04\practical-04\src\question2.scala. Using presentation compiler with project's scala-library version: 2.13.12
2024.07.08 14:20:33 INFO  no build target found for D:\UCSC\FP\Practical 04\practical-04\src\question2.scala. Using presentation compiler with project's scala-library version: 2.13.12
2024.07.08 14:20:40 INFO  no build target found for D:\UCSC\FP\Practical 04\practical-04\src\question2.scala. Using presentation compiler with project's scala-library version: 2.13.12
2024.07.08 14:20:40 INFO  no build target found for D:\UCSC\FP\Practical 04\practical-04\src\question2.scala. Using presentation compiler with project's scala-library version: 2.13.12
Jul 08, 2024 2:20:40 PM scala.meta.internal.pc.CompilerAccess handleError
SEVERE: A severe compiler error occurred, full details of the error can be found in the error report D:\UCSC\FP\Practical 04\practical-04\.metals\.reports\metals-full\2024-07-08\r_compiler-error_14-20-40-468.md
2024.07.08 14:20:40 INFO  no build target found for D:\UCSC\FP\Practical 04\practical-04\src\question2.scala. Using presentation compiler with project's scala-library version: 2.13.12
2024.07.08 14:20:40 INFO  no build target found for D:\UCSC\FP\Practical 04\practical-04\src\question2.scala. Using presentation compiler with project's scala-library version: 2.13.12
2024.07.08 14:20:41 INFO  no build target found for D:\UCSC\FP\Practical 04\practical-04\src\question2.scala. Using presentation compiler with project's scala-library version: 2.13.12
2024.07.08 14:20:41 INFO  no build target found for D:\UCSC\FP\Practical 04\practical-04\src\question2.scala. Using presentation compiler with project's scala-library version: 2.13.12
Jul 08, 2024 2:20:41 PM scala.meta.internal.pc.CompilerAccess handleError
SEVERE: A severe compiler error occurred, full details of the error can be found in the error report D:\UCSC\FP\Practical 04\practical-04\.metals\.reports\metals-full\2024-07-08\r_compiler-error_14-20-41-564.md
2024.07.08 14:20:44 INFO  no build target found for D:\UCSC\FP\Practical 04\practical-04\src\question2.scala. Using presentation compiler with project's scala-library version: 2.13.12
2024.07.08 14:20:46 INFO  no build target found for D:\UCSC\FP\Practical 04\practical-04\src\question2.scala. Using presentation compiler with project's scala-library version: 2.13.12
2024.07.08 14:20:53 INFO  no build target found for D:\UCSC\FP\Practical 04\practical-04\src\question2.scala. Using presentation compiler with project's scala-library version: 2.13.12
2024.07.08 14:20:53 INFO  no build target found for D:\UCSC\FP\Practical 04\practical-04\src\question2.scala. Using presentation compiler with project's scala-library version: 2.13.12
2024.07.08 14:20:53 INFO  no build target found for D:\UCSC\FP\Practical 04\practical-04\src\question2.scala. Using presentation compiler with project's scala-library version: 2.13.12
2024.07.08 14:20:55 INFO  no build target found for D:\UCSC\FP\Practical 04\practical-04\src\question2.scala. Using presentation compiler with project's scala-library version: 2.13.12
2024.07.08 14:20:55 INFO  no build target found for D:\UCSC\FP\Practical 04\practical-04\src\question2.scala. Using presentation compiler with project's scala-library version: 2.13.12
2024.07.08 14:20:55 INFO  no build target found for D:\UCSC\FP\Practical 04\practical-04\src\question2.scala. Using presentation compiler with project's scala-library version: 2.13.12
2024.07.08 14:20:55 INFO  no build target found for D:\UCSC\FP\Practical 04\practical-04\src\question2.scala. Using presentation compiler with project's scala-library version: 2.13.12
2024.07.08 14:20:56 INFO  no build target found for D:\UCSC\FP\Practical 04\practical-04\src\question2.scala. Using presentation compiler with project's scala-library version: 2.13.12
2024.07.08 14:20:58 INFO  no build target found for D:\UCSC\FP\Practical 04\practical-04\src\question2.scala. Using presentation compiler with project's scala-library version: 2.13.12
2024.07.08 14:20:59 INFO  no build target found for D:\UCSC\FP\Practical 04\practical-04\src\question2.scala. Using presentation compiler with project's scala-library version: 2.13.12
2024.07.08 14:20:59 INFO  no build target found for D:\UCSC\FP\Practical 04\practical-04\src\question2.scala. Using presentation compiler with project's scala-library version: 2.13.12
2024.07.08 14:20:59 INFO  no build target found for D:\UCSC\FP\Practical 04\practical-04\src\question2.scala. Using presentation compiler with project's scala-library version: 2.13.12
2024.07.08 14:21:01 INFO  no build target found for D:\UCSC\FP\Practical 04\practical-04\src\question2.scala. Using presentation compiler with project's scala-library version: 2.13.12
2024.07.08 14:21:04 INFO  no build target found for D:\UCSC\FP\Practical 04\practical-04\src\question2.scala. Using presentation compiler with project's scala-library version: 2.13.12
2024.07.08 14:21:04 INFO  no build target found for D:\UCSC\FP\Practical 04\practical-04\src\question2.scala. Using presentation compiler with project's scala-library version: 2.13.12
2024.07.08 14:21:04 INFO  no build target found for D:\UCSC\FP\Practical 04\practical-04\src\question2.scala. Using presentation compiler with project's scala-library version: 2.13.12
2024.07.08 14:21:06 INFO  no build target found for D:\UCSC\FP\Practical 04\practical-04\src\question2.scala. Using presentation compiler with project's scala-library version: 2.13.12
2024.07.08 14:21:06 INFO  no build target found for D:\UCSC\FP\Practical 04\practical-04\src\question2.scala. Using presentation compiler with project's scala-library version: 2.13.12
2024.07.08 14:21:06 INFO  no build target found for D:\UCSC\FP\Practical 04\practical-04\src\question2.scala. Using presentation compiler with project's scala-library version: 2.13.12
2024.07.08 14:21:09 INFO  no build target found for D:\UCSC\FP\Practical 04\practical-04\src\question2.scala. Using presentation compiler with project's scala-library version: 2.13.12
2024.07.08 14:21:11 INFO  no build target found for D:\UCSC\FP\Practical 04\practical-04\src\question2.scala. Using presentation compiler with project's scala-library version: 2.13.12
2024.07.08 14:21:11 INFO  no build target found for D:\UCSC\FP\Practical 04\practical-04\src\question2.scala. Using presentation compiler with project's scala-library version: 2.13.12
2024.07.08 14:21:11 INFO  no build target found for D:\UCSC\FP\Practical 04\practical-04\src\question2.scala. Using presentation compiler with project's scala-library version: 2.13.12
2024.07.08 14:21:13 INFO  no build target found for D:\UCSC\FP\Practical 04\practical-04\src\question2.scala. Using presentation compiler with project's scala-library version: 2.13.12
2024.07.08 14:21:13 INFO  no build target found for D:\UCSC\FP\Practical 04\practical-04\src\question2.scala. Using presentation compiler with project's scala-library version: 2.13.12
2024.07.08 14:21:15 INFO  no build target found for D:\UCSC\FP\Practical 04\practical-04\src\question2.scala. Using presentation compiler with project's scala-library version: 2.13.12
2024.07.08 14:21:15 INFO  no build target found for D:\UCSC\FP\Practical 04\practical-04\src\question2.scala. Using presentation compiler with project's scala-library version: 2.13.12
2024.07.08 14:21:15 INFO  no build target found for D:\UCSC\FP\Practical 04\practical-04\src\question2.scala. Using presentation compiler with project's scala-library version: 2.13.12
2024.07.08 14:21:16 INFO  no build target found for D:\UCSC\FP\Practical 04\practical-04\src\question2.scala. Using presentation compiler with project's scala-library version: 2.13.12
2024.07.08 14:21:16 INFO  no build target found for D:\UCSC\FP\Practical 04\practical-04\src\question2.scala. Using presentation compiler with project's scala-library version: 2.13.12
2024.07.08 14:21:16 INFO  no build target found for D:\UCSC\FP\Practical 04\practical-04\src\question2.scala. Using presentation compiler with project's scala-library version: 2.13.12
2024.07.08 14:21:16 INFO  no build target found for D:\UCSC\FP\Practical 04\practical-04\src\question2.scala. Using presentation compiler with project's scala-library version: 2.13.12
2024.07.08 14:21:17 INFO  no build target found for D:\UCSC\FP\Practical 04\practical-04\src\question2.scala. Using presentation compiler with project's scala-library version: 2.13.12
2024.07.08 14:21:17 INFO  no build target found for D:\UCSC\FP\Practical 04\practical-04\src\question2.scala. Using presentation compiler with project's scala-library version: 2.13.12
2024.07.08 14:21:17 INFO  no build target found for D:\UCSC\FP\Practical 04\practical-04\src\question2.scala. Using presentation compiler with project's scala-library version: 2.13.12
2024.07.08 14:21:17 INFO  no build target found for D:\UCSC\FP\Practical 04\practical-04\src\question2.scala. Using presentation compiler with project's scala-library version: 2.13.12
2024.07.08 14:21:18 WARN  no build target for: D:\UCSC\FP\Practical 04\practical-04\src\question2.scala
2024.07.08 14:21:18 INFO  no build target found for D:\UCSC\FP\Practical 04\practical-04\src\question2.scala. Using presentation compiler with project's scala-library version: 2.13.12
2024.07.08 14:21:17 INFO  no build target found for D:\UCSC\FP\Practical 04\practical-04\src\question2.scala. Using presentation compiler with project's scala-library version: 2.13.12
2024.07.08 14:21:18 INFO  no build target found for D:\UCSC\FP\Practical 04\practical-04\src\question2.scala. Using presentation compiler with project's scala-library version: 2.13.12
2024.07.08 14:21:20 INFO  no build target found for D:\UCSC\FP\Practical 04\practical-04\src\question2.scala. Using presentation compiler with project's scala-library version: 2.13.12
2024.07.08 14:21:20 INFO  no build target found for D:\UCSC\FP\Practical 04\practical-04\src\question2.scala. Using presentation compiler with project's scala-library version: 2.13.12
2024.07.08 14:21:20 INFO  no build target found for D:\UCSC\FP\Practical 04\practical-04\src\question2.scala. Using presentation compiler with project's scala-library version: 2.13.12
2024.07.08 14:21:27 INFO  running 'C:\Users\pehan\AppData\Local\Coursier\cache\arc\https\github.com\adoptium\temurin17-binaries\releases\download\jdk-17%252B35\OpenJDK17-jdk_x64_windows_hotspot_17_35.zip\jdk-17+35\bin\java.exe -Djline.terminal=jline.UnsupportedTerminal -Dsbt.log.noformat=true -Dfile.encoding=UTF-8 -jar C:\Users\pehan\AppData\Local\Temp\metals15738394660290575348\sbt-launch.jar -Dbloop.export-jar-classifiers=sources bloopInstall'
2024.07.08 14:21:30 INFO  [info] welcome to sbt 1.9.9 (Eclipse Adoptium Java 17)
2024.07.08 14:21:30 INFO  [info] loading settings for project practical-04-build-build from metals.sbt ...
2024.07.08 14:21:32 INFO  [info] loading project definition from D:\UCSC\FP\Practical 04\practical-04\project\project
2024.07.08 14:21:34 INFO  [info] loading settings for project practical-04-build from metals.sbt ...
2024.07.08 14:21:34 INFO  [info] loading project definition from D:\UCSC\FP\Practical 04\practical-04\project
2024.07.08 14:21:38 INFO  [success] Generated .bloop\practical-04-build.json
2024.07.08 14:21:38 INFO  [success] Total time: 4 s, completed 8 Jul 2024, 14:21:38
2024.07.08 14:21:38 INFO  [info] loading settings for project practical-04 from build.sbt ...
2024.07.08 14:21:38 INFO  [info] set current project to hello-world (in build file:/D:/UCSC/FP/Practical%2004/practical-04/)
2024.07.08 14:21:39 INFO  [success] Generated .bloop\practical-04-test.json
2024.07.08 14:21:39 INFO  [success] Generated .bloop\practical-04.json
2024.07.08 14:21:39 INFO  [success] Total time: 0 s, completed 8 Jul 2024, 14:21:39
2024.07.08 14:21:39 INFO  time: ran 'sbt bloopInstall' in 11s
2024.07.08 14:21:39 INFO  Disconnecting from Bloop session...
2024.07.08 14:21:39 INFO  Shut down connection with build server.
2024.07.08 14:21:39 INFO  Shut down connection with build server.
Jul 08, 2024 2:21:39 PM org.eclipse.lsp4j.jsonrpc.RemoteEndpoint notify
INFO: Failed to send notification message.
org.eclipse.lsp4j.jsonrpc.JsonRpcException: java.nio.channels.ClosedChannelException
	at org.eclipse.lsp4j.jsonrpc.json.StreamMessageConsumer.consume(StreamMessageConsumer.java:72)
	at org.eclipse.lsp4j.jsonrpc.RemoteEndpoint.notify(RemoteEndpoint.java:135)
	at org.eclipse.lsp4j.jsonrpc.RemoteEndpoint.sendCancelNotification(RemoteEndpoint.java:191)
	at org.eclipse.lsp4j.jsonrpc.RemoteEndpoint$1.cancel(RemoteEndpoint.java:160)
	at scala.meta.internal.metals.utils.RequestRegistry.$anonfun$register$5(RequestRegistry.scala:78)
	at scala.runtime.java8.JFunction0$mcZ$sp.apply(JFunction0$mcZ$sp.scala:17)
	at scala.util.Try$.apply(Try.scala:217)
	at scala.meta.internal.metals.utils.RequestRegistry.$anonfun$register$4(RequestRegistry.scala:78)
	at scala.meta.internal.metals.Cancelable$$anon$1.cancel(Cancelable.scala:18)
	at scala.meta.internal.metals.Cancelable$.$anonfun$cancelAll$1(Cancelable.scala:29)
	at scala.collection.immutable.List.foreach(List.scala:334)
	at scala.meta.internal.metals.Cancelable$.cancelAll(Cancelable.scala:28)
	at scala.meta.internal.metals.MutableCancelable.cancel(MutableCancelable.scala:25)
	at scala.meta.internal.metals.utils.RequestRegistry.cancel(RequestRegistry.scala:94)
	at scala.meta.internal.metals.BuildServerConnection.cancel(BuildServerConnection.scala:450)
	at scala.meta.internal.metals.BuildServerConnection.$anonfun$shutdown$1(BuildServerConnection.scala:182)
	at scala.meta.internal.metals.BuildServerConnection.$anonfun$shutdown$1$adapted(BuildServerConnection.scala:174)
	at scala.concurrent.impl.Promise$Transformation.run(Promise.scala:467)
	at java.base/java.util.concurrent.ThreadPoolExecutor.runWorker(ThreadPoolExecutor.java:1136)
	at java.base/java.util.concurrent.ThreadPoolExecutor$Worker.run(ThreadPoolExecutor.java:635)
	at java.base/java.lang.Thread.run(Thread.java:833)
Caused by: java.nio.channels.ClosedChannelException
	at java.base/sun.nio.ch.SocketChannelImpl.ensureOpenAndConnected(SocketChannelImpl.java:215)
	at java.base/sun.nio.ch.SocketChannelImpl.write(SocketChannelImpl.java:527)
	at java.base/sun.nio.ch.SinkChannelImpl.write(SinkChannelImpl.java:123)
	at java.base/java.nio.channels.Channels.writeFullyImpl(Channels.java:74)
	at java.base/java.nio.channels.Channels.writeFully(Channels.java:93)
	at java.base/java.nio.channels.Channels$1.write(Channels.java:171)
	at java.base/java.io.OutputStream.write(OutputStream.java:127)
	at java.base/java.nio.channels.Channels$1.write(Channels.java:151)
	at scala.meta.internal.metals.ClosableOutputStream.write(ClosableOutputStream.scala:26)
	at java.base/java.io.FilterOutputStream.write(FilterOutputStream.java:137)
	at java.base/java.io.FilterOutputStream.write(FilterOutputStream.java:108)
	at org.eclipse.lsp4j.jsonrpc.json.StreamMessageConsumer.consume(StreamMessageConsumer.java:67)
	... 20 more

2024.07.08 14:21:39 INFO  Failed to run request with params WorkspaceBuildTargetsResult
2024.07.08 14:21:39 INFO  Attempting to connect to the build server...
2024.07.08 14:21:39 INFO  tracing is disabled for protocol BSP, to enable tracing of incoming and outgoing JSON messages create an empty file at D:\UCSC\FP\Practical 04\practical-04\.metals\bsp.trace.json or C:\Users\pehan\AppData\Local\scalameta\metals\cache\bsp.trace.json
2024.07.08 14:21:39 INFO  Attempting to connect to the build server...
2024.07.08 14:21:39 INFO  tracing is disabled for protocol BSP, to enable tracing of incoming and outgoing JSON messages create an empty file at D:\UCSC\FP\Practical 04\practical-04\project\.metals\bsp.trace.json or C:\Users\pehan\AppData\Local\scalameta\metals\cache\bsp.trace.json
2024.07.08 14:21:39 INFO  time: Connected to build server in 0.15s
2024.07.08 14:21:39 INFO  Connected to Build server: Bloop v1.5.18
2024.07.08 14:21:42 INFO  time: indexed workspace in 2.65s
2024.07.08 14:21:42 WARN  no build target for: D:\UCSC\FP\Practical 04\practical-04\src\question2.scala
2024.07.08 14:21:42 INFO  no build target found for D:\UCSC\FP\Practical 04\practical-04\src\question2.scala. Using presentation compiler with project's scala-library version: 2.13.12
2024.07.08 14:21:42 INFO  no build target found for D:\UCSC\FP\Practical 04\practical-04\src\question2.scala. Using presentation compiler with project's scala-library version: 2.13.12
2024.07.08 14:25:33 INFO  Shutting down server
2024.07.08 14:25:33 INFO  shutting down Metals
2024.07.08 14:25:33 INFO  Shut down connection with build server.
2024.07.08 14:25:33 INFO  Shut down connection with build server.
2024.07.08 14:25:33 INFO  Exiting server
2024.07.08 14:25:50 INFO  Started: Metals version 1.3.2 in folders 'D:\UCSC\FP\Practical 04\practical-04' for client Visual Studio Code 1.91.0.
SLF4J(W): Class path contains multiple SLF4J providers.
SLF4J(W): Found provider [scribe.slf4j.ScribeServiceProvider@240dce9e]
SLF4J(W): Found provider [ch.qos.logback.classic.spi.LogbackServiceProvider@c564222]
SLF4J(W): See https://www.slf4j.org/codes.html#multiple_bindings for an explanation.
SLF4J(I): Actual provider is of type [scribe.slf4j.ScribeServiceProvider@240dce9e]
2024.07.08 14:25:51 WARN  Flyway upgrade recommended: H2 2.2.224 is newer than this version of Flyway and support has not been tested. The latest supported version of H2 is 2.2.220.
2024.07.08 14:25:52 INFO  no build target found for D:\UCSC\FP\Practical 04\practical-04\src\question2.scala. Using presentation compiler with project's scala-library version: 3.3.3
2024.07.08 14:25:52 INFO  Attempting to connect to the build server...
2024.07.08 14:25:52 INFO  tracing is disabled for protocol BSP, to enable tracing of incoming and outgoing JSON messages create an empty file at D:\UCSC\FP\Practical 04\practical-04\.metals\bsp.trace.json or C:\Users\pehan\AppData\Local\scalameta\metals\cache\bsp.trace.json
2024.07.08 14:25:53 INFO  Attempting to connect to the build server...
2024.07.08 14:25:53 INFO  tracing is disabled for protocol BSP, to enable tracing of incoming and outgoing JSON messages create an empty file at D:\UCSC\FP\Practical 04\practical-04\project\.metals\bsp.trace.json or C:\Users\pehan\AppData\Local\scalameta\metals\cache\bsp.trace.json
2024.07.08 14:25:53 INFO  time: Connected to build server in 0.78s
2024.07.08 14:25:53 INFO  Connected to Build server: Bloop v1.5.18
2024.07.08 14:25:53 INFO  time: Imported build in 0.33s
2024.07.08 14:25:59 INFO  time: indexed workspace in 5.33s
2024.07.08 14:25:59 WARN  no build target for: D:\UCSC\FP\Practical 04\practical-04\src\question2.scala
2024.07.08 14:25:59 INFO  no build target found for D:\UCSC\FP\Practical 04\practical-04\src\question2.scala. Using presentation compiler with project's scala-library version: 2.13.12
2024.07.08 14:25:59 INFO  no build target found for D:\UCSC\FP\Practical 04\practical-04\src\question2.scala. Using presentation compiler with project's scala-library version: 2.13.12
2024.07.08 14:26:03 INFO  time: code lens generation in 3.17s
2024.07.08 14:26:03 INFO  time: code lens generation in 3.71s
2024.07.08 14:26:03 INFO  time: code lens generation in 3.71s
Jul 08, 2024 2:26:04 PM org.eclipse.lsp4j.jsonrpc.RemoteEndpoint fallbackResponseError
SEVERE: Internal error: scala.meta.internal.metals.debug.BuildTargetNotFoundForPathException: No build target could be found for the path: D:\UCSC\FP\Practical 04\practical-04\src\question2.scala
java.util.concurrent.CompletionException: scala.meta.internal.metals.debug.BuildTargetNotFoundForPathException: No build target could be found for the path: D:\UCSC\FP\Practical 04\practical-04\src\question2.scala
	at java.base/java.util.concurrent.CompletableFuture.encodeThrowable(CompletableFuture.java:332)
	at java.base/java.util.concurrent.CompletableFuture.uniAcceptNow(CompletableFuture.java:747)
	at java.base/java.util.concurrent.CompletableFuture.uniAcceptStage(CompletableFuture.java:735)
	at java.base/java.util.concurrent.CompletableFuture.thenAcceptAsync(CompletableFuture.java:2186)
	at scala.concurrent.java8.FuturesConvertersImpl$CF.thenAccept(FutureConvertersImpl.scala:37)
	at org.eclipse.lsp4j.jsonrpc.RemoteEndpoint.handleRequest(RemoteEndpoint.java:288)
	at org.eclipse.lsp4j.jsonrpc.RemoteEndpoint.consume(RemoteEndpoint.java:201)
	at org.eclipse.lsp4j.jsonrpc.json.StreamMessageProducer.handleMessage(StreamMessageProducer.java:185)
	at org.eclipse.lsp4j.jsonrpc.json.StreamMessageProducer.listen(StreamMessageProducer.java:97)
	at org.eclipse.lsp4j.jsonrpc.json.ConcurrentMessageProcessor.run(ConcurrentMessageProcessor.java:114)
	at java.base/java.util.concurrent.Executors$RunnableAdapter.call(Executors.java:539)
	at java.base/java.util.concurrent.FutureTask.run(FutureTask.java:264)
	at java.base/java.util.concurrent.ThreadPoolExecutor.runWorker(ThreadPoolExecutor.java:1136)
	at java.base/java.util.concurrent.ThreadPoolExecutor$Worker.run(ThreadPoolExecutor.java:635)
	at java.base/java.lang.Thread.run(Thread.java:833)
Caused by: scala.meta.internal.metals.debug.BuildTargetNotFoundForPathException: No build target could be found for the path: D:\UCSC\FP\Practical 04\practical-04\src\question2.scala
	at scala.meta.internal.metals.debug.DebugProvider.debugDiscovery(DebugProvider.scala:589)
	at scala.meta.internal.metals.debug.DebugProvider.runCommandDiscovery(DebugProvider.scala:523)
	at scala.meta.internal.metals.MetalsLspService.discoverMainClasses(MetalsLspService.scala:1526)
	at scala.meta.internal.metals.WorkspaceLspService.executeCommand(WorkspaceLspService.scala:796)
	at scala.meta.metals.lsp.DelegatingScalaService.executeCommand(DelegatingScalaService.scala:169)
	at java.base/jdk.internal.reflect.NativeMethodAccessorImpl.invoke0(Native Method)
	at java.base/jdk.internal.reflect.NativeMethodAccessorImpl.invoke(NativeMethodAccessorImpl.java:77)
	at java.base/jdk.internal.reflect.DelegatingMethodAccessorImpl.invoke(DelegatingMethodAccessorImpl.java:43)
	at java.base/java.lang.reflect.Method.invoke(Method.java:568)
	at org.eclipse.lsp4j.jsonrpc.services.GenericEndpoint.lambda$recursiveFindRpcMethods$0(GenericEndpoint.java:65)
	at org.eclipse.lsp4j.jsonrpc.services.GenericEndpoint.request(GenericEndpoint.java:128)
	at org.eclipse.lsp4j.jsonrpc.RemoteEndpoint.handleRequest(RemoteEndpoint.java:271)
	... 9 more

2024.07.08 14:26:18 INFO  running 'C:\Users\pehan\AppData\Local\Coursier\cache\arc\https\github.com\adoptium\temurin17-binaries\releases\download\jdk-17%252B35\OpenJDK17-jdk_x64_windows_hotspot_17_35.zip\jdk-17+35\bin\java.exe -Djline.terminal=jline.UnsupportedTerminal -Dsbt.log.noformat=true -Dfile.encoding=UTF-8 -jar C:\Users\pehan\AppData\Local\Temp\metals17927512471723104972\sbt-launch.jar -Dbloop.export-jar-classifiers=sources bloopInstall'
2024.07.08 14:26:21 INFO  [info] welcome to sbt 1.9.9 (Eclipse Adoptium Java 17)
2024.07.08 14:26:21 INFO  [info] loading settings for project practical-04-build-build from metals.sbt ...
2024.07.08 14:26:23 INFO  [info] loading project definition from D:\UCSC\FP\Practical 04\practical-04\project\project
2024.07.08 14:26:24 INFO  [info] loading settings for project practical-04-build from metals.sbt ...
2024.07.08 14:26:24 INFO  [info] loading project definition from D:\UCSC\FP\Practical 04\practical-04\project
2024.07.08 14:26:28 INFO  [success] Generated .bloop\practical-04-build.json
2024.07.08 14:26:28 INFO  [success] Total time: 4 s, completed 8 Jul 2024, 14:26:28
2024.07.08 14:26:28 INFO  [info] loading settings for project practical-04 from build.sbt ...
2024.07.08 14:26:28 INFO  [info] set current project to hello-world (in build file:/D:/UCSC/FP/Practical%2004/practical-04/)
2024.07.08 14:26:30 INFO  [success] Generated .bloop\practical-04.json
2024.07.08 14:26:30 INFO  [success] Generated .bloop\practical-04-test.json
2024.07.08 14:26:30 INFO  [success] Total time: 0 s, completed 8 Jul 2024, 14:26:30
2024.07.08 14:26:30 INFO  time: ran 'sbt bloopInstall' in 12s
2024.07.08 14:26:30 INFO  Disconnecting from Bloop session...
2024.07.08 14:26:30 INFO  Shut down connection with build server.
2024.07.08 14:26:30 INFO  Shut down connection with build server.
2024.07.08 14:26:30 INFO  Attempting to connect to the build server...
2024.07.08 14:26:30 INFO  tracing is disabled for protocol BSP, to enable tracing of incoming and outgoing JSON messages create an empty file at D:\UCSC\FP\Practical 04\practical-04\.metals\bsp.trace.json or C:\Users\pehan\AppData\Local\scalameta\metals\cache\bsp.trace.json
2024.07.08 14:26:30 INFO  Attempting to connect to the build server...
2024.07.08 14:26:30 INFO  tracing is disabled for protocol BSP, to enable tracing of incoming and outgoing JSON messages create an empty file at D:\UCSC\FP\Practical 04\practical-04\project\.metals\bsp.trace.json or C:\Users\pehan\AppData\Local\scalameta\metals\cache\bsp.trace.json
2024.07.08 14:26:30 INFO  time: Connected to build server in 0.17s
2024.07.08 14:26:30 INFO  Connected to Build server: Bloop v1.5.18
2024.07.08 14:26:30 INFO  time: Imported build in 0.13s
2024.07.08 14:26:33 INFO  time: indexed workspace in 2.98s
2024.07.08 14:26:33 WARN  no build target for: D:\UCSC\FP\Practical 04\practical-04\src\question2.scala
2024.07.08 14:26:33 INFO  no build target found for D:\UCSC\FP\Practical 04\practical-04\src\question2.scala. Using presentation compiler with project's scala-library version: 2.13.12
2024.07.08 14:26:34 INFO  no build target found for D:\UCSC\FP\Practical 04\practical-04\src\question2.scala. Using presentation compiler with project's scala-library version: 2.13.12
Jul 08, 2024 2:26:38 PM org.eclipse.lsp4j.jsonrpc.RemoteEndpoint fallbackResponseError
SEVERE: Internal error: scala.meta.internal.metals.debug.BuildTargetNotFoundForPathException: No build target could be found for the path: D:\UCSC\FP\Practical 04\practical-04\src\question2.scala
java.util.concurrent.CompletionException: scala.meta.internal.metals.debug.BuildTargetNotFoundForPathException: No build target could be found for the path: D:\UCSC\FP\Practical 04\practical-04\src\question2.scala
	at java.base/java.util.concurrent.CompletableFuture.encodeThrowable(CompletableFuture.java:332)
	at java.base/java.util.concurrent.CompletableFuture.uniAcceptNow(CompletableFuture.java:747)
	at java.base/java.util.concurrent.CompletableFuture.uniAcceptStage(CompletableFuture.java:735)
	at java.base/java.util.concurrent.CompletableFuture.thenAcceptAsync(CompletableFuture.java:2186)
	at scala.concurrent.java8.FuturesConvertersImpl$CF.thenAccept(FutureConvertersImpl.scala:37)
	at org.eclipse.lsp4j.jsonrpc.RemoteEndpoint.handleRequest(RemoteEndpoint.java:288)
	at org.eclipse.lsp4j.jsonrpc.RemoteEndpoint.consume(RemoteEndpoint.java:201)
	at org.eclipse.lsp4j.jsonrpc.json.StreamMessageProducer.handleMessage(StreamMessageProducer.java:185)
	at org.eclipse.lsp4j.jsonrpc.json.StreamMessageProducer.listen(StreamMessageProducer.java:97)
	at org.eclipse.lsp4j.jsonrpc.json.ConcurrentMessageProcessor.run(ConcurrentMessageProcessor.java:114)
	at java.base/java.util.concurrent.Executors$RunnableAdapter.call(Executors.java:539)
	at java.base/java.util.concurrent.FutureTask.run(FutureTask.java:264)
	at java.base/java.util.concurrent.ThreadPoolExecutor.runWorker(ThreadPoolExecutor.java:1136)
	at java.base/java.util.concurrent.ThreadPoolExecutor$Worker.run(ThreadPoolExecutor.java:635)
	at java.base/java.lang.Thread.run(Thread.java:833)
Caused by: scala.meta.internal.metals.debug.BuildTargetNotFoundForPathException: No build target could be found for the path: D:\UCSC\FP\Practical 04\practical-04\src\question2.scala
	at scala.meta.internal.metals.debug.DebugProvider.debugDiscovery(DebugProvider.scala:589)
	at scala.meta.internal.metals.debug.DebugProvider.runCommandDiscovery(DebugProvider.scala:523)
	at scala.meta.internal.metals.MetalsLspService.discoverMainClasses(MetalsLspService.scala:1526)
	at scala.meta.internal.metals.WorkspaceLspService.executeCommand(WorkspaceLspService.scala:796)
	at scala.meta.metals.lsp.DelegatingScalaService.executeCommand(DelegatingScalaService.scala:169)
	at java.base/jdk.internal.reflect.NativeMethodAccessorImpl.invoke0(Native Method)
	at java.base/jdk.internal.reflect.NativeMethodAccessorImpl.invoke(NativeMethodAccessorImpl.java:77)
	at java.base/jdk.internal.reflect.DelegatingMethodAccessorImpl.invoke(DelegatingMethodAccessorImpl.java:43)
	at java.base/java.lang.reflect.Method.invoke(Method.java:568)
	at org.eclipse.lsp4j.jsonrpc.services.GenericEndpoint.lambda$recursiveFindRpcMethods$0(GenericEndpoint.java:65)
	at org.eclipse.lsp4j.jsonrpc.services.GenericEndpoint.request(GenericEndpoint.java:128)
	at org.eclipse.lsp4j.jsonrpc.RemoteEndpoint.handleRequest(RemoteEndpoint.java:271)
	... 9 more

2024.07.08 14:26:42 INFO  no build target found for D:\UCSC\FP\Practical 04\practical-04\src\question2.scala. Using presentation compiler with project's scala-library version: 2.13.12
Jul 08, 2024 2:26:44 PM org.eclipse.lsp4j.jsonrpc.RemoteEndpoint fallbackResponseError
SEVERE: Internal error: scala.meta.internal.metals.debug.BuildTargetNotFoundForPathException: No build target could be found for the path: D:\UCSC\FP\Practical 04\practical-04\src\question2.scala
java.util.concurrent.CompletionException: scala.meta.internal.metals.debug.BuildTargetNotFoundForPathException: No build target could be found for the path: D:\UCSC\FP\Practical 04\practical-04\src\question2.scala
	at java.base/java.util.concurrent.CompletableFuture.encodeThrowable(CompletableFuture.java:332)
	at java.base/java.util.concurrent.CompletableFuture.uniAcceptNow(CompletableFuture.java:747)
	at java.base/java.util.concurrent.CompletableFuture.uniAcceptStage(CompletableFuture.java:735)
	at java.base/java.util.concurrent.CompletableFuture.thenAcceptAsync(CompletableFuture.java:2186)
	at scala.concurrent.java8.FuturesConvertersImpl$CF.thenAccept(FutureConvertersImpl.scala:37)
	at org.eclipse.lsp4j.jsonrpc.RemoteEndpoint.handleRequest(RemoteEndpoint.java:288)
	at org.eclipse.lsp4j.jsonrpc.RemoteEndpoint.consume(RemoteEndpoint.java:201)
	at org.eclipse.lsp4j.jsonrpc.json.StreamMessageProducer.handleMessage(StreamMessageProducer.java:185)
	at org.eclipse.lsp4j.jsonrpc.json.StreamMessageProducer.listen(StreamMessageProducer.java:97)
	at org.eclipse.lsp4j.jsonrpc.json.ConcurrentMessageProcessor.run(ConcurrentMessageProcessor.java:114)
	at java.base/java.util.concurrent.Executors$RunnableAdapter.call(Executors.java:539)
	at java.base/java.util.concurrent.FutureTask.run(FutureTask.java:264)
	at java.base/java.util.concurrent.ThreadPoolExecutor.runWorker(ThreadPoolExecutor.java:1136)
	at java.base/java.util.concurrent.ThreadPoolExecutor$Worker.run(ThreadPoolExecutor.java:635)
	at java.base/java.lang.Thread.run(Thread.java:833)
Caused by: scala.meta.internal.metals.debug.BuildTargetNotFoundForPathException: No build target could be found for the path: D:\UCSC\FP\Practical 04\practical-04\src\question2.scala
	at scala.meta.internal.metals.debug.DebugProvider.debugDiscovery(DebugProvider.scala:589)
	at scala.meta.internal.metals.debug.DebugProvider.runCommandDiscovery(DebugProvider.scala:523)
	at scala.meta.internal.metals.MetalsLspService.discoverMainClasses(MetalsLspService.scala:1526)
	at scala.meta.internal.metals.WorkspaceLspService.executeCommand(WorkspaceLspService.scala:796)
	at scala.meta.metals.lsp.DelegatingScalaService.executeCommand(DelegatingScalaService.scala:169)
	at java.base/jdk.internal.reflect.NativeMethodAccessorImpl.invoke0(Native Method)
	at java.base/jdk.internal.reflect.NativeMethodAccessorImpl.invoke(NativeMethodAccessorImpl.java:77)
	at java.base/jdk.internal.reflect.DelegatingMethodAccessorImpl.invoke(DelegatingMethodAccessorImpl.java:43)
	at java.base/java.lang.reflect.Method.invoke(Method.java:568)
	at org.eclipse.lsp4j.jsonrpc.services.GenericEndpoint.lambda$recursiveFindRpcMethods$0(GenericEndpoint.java:65)
	at org.eclipse.lsp4j.jsonrpc.services.GenericEndpoint.request(GenericEndpoint.java:128)
	at org.eclipse.lsp4j.jsonrpc.RemoteEndpoint.handleRequest(RemoteEndpoint.java:271)
	... 9 more

2024.07.08 14:26:52 WARN  no build target for: D:\UCSC\FP\Practical 04\practical-04\src\question2.scala
2024.07.08 14:26:52 INFO  no build target found for D:\UCSC\FP\Practical 04\practical-04\src\question2.scala. Using presentation compiler with project's scala-library version: 2.13.12
2024.07.08 14:26:53 INFO  no build target found for D:\UCSC\FP\Practical 04\practical-04\src\question2.scala. Using presentation compiler with project's scala-library version: 2.13.12
2024.07.08 14:26:54 INFO  no build target found for D:\UCSC\FP\Practical 04\practical-04\src\question2.scala. Using presentation compiler with project's scala-library version: 2.13.12
2024.07.08 14:26:56 INFO  no build target found for D:\UCSC\FP\Practical 04\practical-04\src\question2.scala. Using presentation compiler with project's scala-library version: 2.13.12
2024.07.08 14:26:56 INFO  no build target found for D:\UCSC\FP\Practical 04\practical-04\src\question2.scala. Using presentation compiler with project's scala-library version: 2.13.12
2024.07.08 14:26:56 INFO  no build target found for D:\UCSC\FP\Practical 04\practical-04\src\question2.scala. Using presentation compiler with project's scala-library version: 2.13.12
2024.07.08 14:28:17 INFO  no build target found for D:\UCSC\FP\Practical 04\practical-04\src\question2.scala. Using presentation compiler with project's scala-library version: 2.13.12
Jul 08, 2024 2:29:15 PM org.eclipse.lsp4j.jsonrpc.RemoteEndpoint fallbackResponseError
SEVERE: Internal error: scala.meta.internal.metals.debug.BuildTargetNotFoundForPathException: No build target could be found for the path: D:\UCSC\FP\Practical 04\practical-04\src\question2.scala
java.util.concurrent.CompletionException: scala.meta.internal.metals.debug.BuildTargetNotFoundForPathException: No build target could be found for the path: D:\UCSC\FP\Practical 04\practical-04\src\question2.scala
	at java.base/java.util.concurrent.CompletableFuture.encodeThrowable(CompletableFuture.java:332)
	at java.base/java.util.concurrent.CompletableFuture.uniAcceptNow(CompletableFuture.java:747)
	at java.base/java.util.concurrent.CompletableFuture.uniAcceptStage(CompletableFuture.java:735)
	at java.base/java.util.concurrent.CompletableFuture.thenAcceptAsync(CompletableFuture.java:2186)
	at scala.concurrent.java8.FuturesConvertersImpl$CF.thenAccept(FutureConvertersImpl.scala:37)
	at org.eclipse.lsp4j.jsonrpc.RemoteEndpoint.handleRequest(RemoteEndpoint.java:288)
	at org.eclipse.lsp4j.jsonrpc.RemoteEndpoint.consume(RemoteEndpoint.java:201)
	at org.eclipse.lsp4j.jsonrpc.json.StreamMessageProducer.handleMessage(StreamMessageProducer.java:185)
	at org.eclipse.lsp4j.jsonrpc.json.StreamMessageProducer.listen(StreamMessageProducer.java:97)
	at org.eclipse.lsp4j.jsonrpc.json.ConcurrentMessageProcessor.run(ConcurrentMessageProcessor.java:114)
	at java.base/java.util.concurrent.Executors$RunnableAdapter.call(Executors.java:539)
	at java.base/java.util.concurrent.FutureTask.run(FutureTask.java:264)
	at java.base/java.util.concurrent.ThreadPoolExecutor.runWorker(ThreadPoolExecutor.java:1136)
	at java.base/java.util.concurrent.ThreadPoolExecutor$Worker.run(ThreadPoolExecutor.java:635)
	at java.base/java.lang.Thread.run(Thread.java:833)
Caused by: scala.meta.internal.metals.debug.BuildTargetNotFoundForPathException: No build target could be found for the path: D:\UCSC\FP\Practical 04\practical-04\src\question2.scala
	at scala.meta.internal.metals.debug.DebugProvider.debugDiscovery(DebugProvider.scala:589)
	at scala.meta.internal.metals.debug.DebugProvider.runCommandDiscovery(DebugProvider.scala:523)
	at scala.meta.internal.metals.MetalsLspService.discoverMainClasses(MetalsLspService.scala:1526)
	at scala.meta.internal.metals.WorkspaceLspService.executeCommand(WorkspaceLspService.scala:796)
	at scala.meta.metals.lsp.DelegatingScalaService.executeCommand(DelegatingScalaService.scala:169)
	at java.base/jdk.internal.reflect.NativeMethodAccessorImpl.invoke0(Native Method)
	at java.base/jdk.internal.reflect.NativeMethodAccessorImpl.invoke(NativeMethodAccessorImpl.java:77)
	at java.base/jdk.internal.reflect.DelegatingMethodAccessorImpl.invoke(DelegatingMethodAccessorImpl.java:43)
	at java.base/java.lang.reflect.Method.invoke(Method.java:568)
	at org.eclipse.lsp4j.jsonrpc.services.GenericEndpoint.lambda$recursiveFindRpcMethods$0(GenericEndpoint.java:65)
	at org.eclipse.lsp4j.jsonrpc.services.GenericEndpoint.request(GenericEndpoint.java:128)
	at org.eclipse.lsp4j.jsonrpc.RemoteEndpoint.handleRequest(RemoteEndpoint.java:271)
	... 9 more

2024.07.08 14:32:06 INFO  Shutting down server
2024.07.08 14:32:06 INFO  shutting down Metals
2024.07.08 14:32:06 INFO  Shut down connection with build server.
2024.07.08 14:32:06 INFO  Shut down connection with build server.
2024.07.08 14:32:06 INFO  Exiting server
2024.07.08 14:33:35 INFO  Started: Metals version 1.3.2 in folders 'D:\UCSC\FP\Practical 04\practical-04' for client Visual Studio Code 1.91.0.
2024.07.08 14:33:36 INFO  time: initialize in 0.41s
SLF4J(W): Class path contains multiple SLF4J providers.
SLF4J(W): Found provider [scribe.slf4j.ScribeServiceProvider@64a8e628]
SLF4J(W): Found provider [ch.qos.logback.classic.spi.LogbackServiceProvider@630a140e]
SLF4J(W): See https://www.slf4j.org/codes.html#multiple_bindings for an explanation.
SLF4J(I): Actual provider is of type [scribe.slf4j.ScribeServiceProvider@64a8e628]
2024.07.08 14:33:41 WARN  Flyway upgrade recommended: H2 2.2.224 is newer than this version of Flyway and support has not been tested. The latest supported version of H2 is 2.2.220.
2024.07.08 14:33:48 INFO  no build target found for D:\UCSC\FP\Practical 04\practical-04\src\main\scala\question1.scala. Using presentation compiler with project's scala-library version: 3.3.3
2024.07.08 14:33:51 INFO  Attempting to connect to the build server...
2024.07.08 14:33:52 INFO  tracing is disabled for protocol BSP, to enable tracing of incoming and outgoing JSON messages create an empty file at D:\UCSC\FP\Practical 04\practical-04\.metals\bsp.trace.json or C:\Users\pehan\AppData\Local\scalameta\metals\cache\bsp.trace.json
2024.07.08 14:33:52 INFO  Attempting to connect to the build server...
2024.07.08 14:33:52 INFO  tracing is disabled for protocol BSP, to enable tracing of incoming and outgoing JSON messages create an empty file at D:\UCSC\FP\Practical 04\practical-04\project\.metals\bsp.trace.json or C:\Users\pehan\AppData\Local\scalameta\metals\cache\bsp.trace.json
2024.07.08 14:33:52 INFO  time: Connected to build server in 1.55s
2024.07.08 14:33:52 INFO  Connected to Build server: Bloop v1.5.18
2024.07.08 14:33:53 INFO  time: Imported build in 0.38s
2024.07.08 14:34:11 INFO  time: indexed workspace in 17s
2024.07.08 14:34:39 INFO  no build target found for D:\UCSC\FP\Practical 04\practical-04\src\question2.scala. Using presentation compiler with project's scala-library version: 2.13.12
2024.07.08 14:34:40 INFO  no build target found for D:\UCSC\FP\Practical 04\practical-04\src\question2.scala. Using presentation compiler with project's scala-library version: 2.13.12
2024.07.08 14:34:40 INFO  no build target found for D:\UCSC\FP\Practical 04\practical-04\src\question2.scala. Using presentation compiler with project's scala-library version: 2.13.12
2024.07.08 14:34:42 INFO  time: code lens generation in 1.68s
2024.07.08 14:34:42 INFO  time: code lens generation in 2.28s
2024.07.08 14:34:42 WARN  no build target for: D:\UCSC\FP\Practical 04\practical-04\src\question2.scala
2024.07.08 14:34:42 INFO  no build target found for D:\UCSC\FP\Practical 04\practical-04\src\question2.scala. Using presentation compiler with project's scala-library version: 2.13.12
Jul 08, 2024 2:34:51 PM org.eclipse.lsp4j.jsonrpc.services.GenericEndpoint notify
INFO: Unsupported notification method: $/setTrace
2024.07.08 14:35:12 INFO  no build target found for D:\UCSC\FP\Practical 04\practical-04\src\question2.scala. Using presentation compiler with project's scala-library version: 2.13.12
Jul 08, 2024 2:35:22 PM org.eclipse.lsp4j.jsonrpc.services.GenericEndpoint notify
INFO: Unsupported notification method: $/setTrace
2024.07.08 14:35:24 INFO  no build target found for D:\UCSC\FP\Practical 04\practical-04\src\question2.scala. Using presentation compiler with project's scala-library version: 2.13.12
2024.07.08 14:35:26 INFO  no build target found for D:\UCSC\FP\Practical 04\practical-04\src\question2.scala. Using presentation compiler with project's scala-library version: 2.13.12
2024.07.08 14:35:30 INFO  running 'C:\Users\pehan\AppData\Local\Coursier\cache\arc\https\github.com\adoptium\temurin17-binaries\releases\download\jdk-17%252B35\OpenJDK17-jdk_x64_windows_hotspot_17_35.zip\jdk-17+35\bin\java.exe -Djline.terminal=jline.UnsupportedTerminal -Dsbt.log.noformat=true -Dfile.encoding=UTF-8 -jar C:\Users\pehan\AppData\Local\Temp\metals7184899207374174377\sbt-launch.jar -Dbloop.export-jar-classifiers=sources bloopInstall'
2024.07.08 14:35:39 INFO  [info] welcome to sbt 1.9.9 (Eclipse Adoptium Java 17)
2024.07.08 14:35:41 INFO  [info] loading settings for project practical-04-build-build from metals.sbt ...
2024.07.08 14:35:44 INFO  [info] loading project definition from D:\UCSC\FP\Practical 04\practical-04\project\project
2024.07.08 14:35:47 INFO  [info] loading settings for project practical-04-build from metals.sbt ...
2024.07.08 14:35:47 INFO  [info] loading project definition from D:\UCSC\FP\Practical 04\practical-04\project
2024.07.08 14:35:47 INFO  no build target found for D:\UCSC\FP\Practical 04\practical-04\src\question2.scala. Using presentation compiler with project's scala-library version: 2.13.12
2024.07.08 14:35:48 INFO  no build target found for D:\UCSC\FP\Practical 04\practical-04\src\question2.scala. Using presentation compiler with project's scala-library version: 2.13.12
2024.07.08 14:35:48 INFO  no build target found for D:\UCSC\FP\Practical 04\practical-04\src\question2.scala. Using presentation compiler with project's scala-library version: 2.13.12
2024.07.08 14:35:48 INFO  no build target found for D:\UCSC\FP\Practical 04\practical-04\src\question2.scala. Using presentation compiler with project's scala-library version: 2.13.12
2024.07.08 14:35:48 INFO  no build target found for D:\UCSC\FP\Practical 04\practical-04\src\question2.scala. Using presentation compiler with project's scala-library version: 2.13.12
2024.07.08 14:35:50 INFO  no build target found for D:\UCSC\FP\Practical 04\practical-04\src\question2.scala. Using presentation compiler with project's scala-library version: 2.13.12
2024.07.08 14:35:50 INFO  no build target found for D:\UCSC\FP\Practical 04\practical-04\src\question2.scala. Using presentation compiler with project's scala-library version: 2.13.12
2024.07.08 14:35:57 INFO  [success] Generated .bloop\practical-04-build.json
2024.07.08 14:35:57 INFO  [success] Total time: 10 s, completed 8 Jul 2024, 14:35:57
2024.07.08 14:35:58 INFO  [info] loading settings for project practical-04 from build.sbt ...
2024.07.08 14:35:58 INFO  [info] set current project to hello-world (in build file:/D:/UCSC/FP/Practical%2004/practical-04/)
2024.07.08 14:36:00 INFO  [success] Generated .bloop\practical-04.json
2024.07.08 14:36:00 INFO  [success] Generated .bloop\practical-04-test.json
2024.07.08 14:36:00 INFO  [success] Total time: 1 s, completed 8 Jul 2024, 14:36:00
2024.07.08 14:36:00 INFO  time: ran 'sbt bloopInstall' in 30s
2024.07.08 14:36:00 INFO  Disconnecting from Bloop session...
2024.07.08 14:36:00 INFO  Shut down connection with build server.
2024.07.08 14:36:00 INFO  Shut down connection with build server.
2024.07.08 14:36:00 INFO  Attempting to connect to the build server...
2024.07.08 14:36:00 INFO  tracing is disabled for protocol BSP, to enable tracing of incoming and outgoing JSON messages create an empty file at D:\UCSC\FP\Practical 04\practical-04\.metals\bsp.trace.json or C:\Users\pehan\AppData\Local\scalameta\metals\cache\bsp.trace.json
2024.07.08 14:36:00 INFO  Attempting to connect to the build server...
2024.07.08 14:36:00 INFO  tracing is disabled for protocol BSP, to enable tracing of incoming and outgoing JSON messages create an empty file at D:\UCSC\FP\Practical 04\practical-04\project\.metals\bsp.trace.json or C:\Users\pehan\AppData\Local\scalameta\metals\cache\bsp.trace.json
2024.07.08 14:36:00 INFO  time: Connected to build server in 0.34s
2024.07.08 14:36:00 INFO  Connected to Build server: Bloop v1.5.18
2024.07.08 14:36:10 INFO  time: indexed workspace in 9.61s
2024.07.08 14:36:10 WARN  no build target for: D:\UCSC\FP\Practical 04\practical-04\src\question2.scala
2024.07.08 14:36:11 INFO  no build target found for D:\UCSC\FP\Practical 04\practical-04\src\question2.scala. Using presentation compiler with project's scala-library version: 2.13.12
2024.07.08 14:36:15 INFO  time: code lens generation in 4.13s
2024.07.08 14:36:33 INFO  no build target found for D:\UCSC\FP\Practical 04\practical-04\src\question2.scala. Using presentation compiler with project's scala-library version: 2.13.12
2024.07.08 14:36:50 INFO  no build target found for D:\UCSC\FP\Practical 04\practical-04\src\question2.scala. Using presentation compiler with project's scala-library version: 2.13.12
2024.07.08 14:38:12 INFO  no build target found for D:\UCSC\FP\Practical 04\practical-04\src\question2.scala. Using presentation compiler with project's scala-library version: 2.13.12
2024.07.08 14:38:12 INFO  no build target found for D:\UCSC\FP\Practical 04\practical-04\src\question2.scala. Using presentation compiler with project's scala-library version: 2.13.12
2024.07.08 14:38:18 INFO  compiling practical-04 (1 scala source)
2024.07.08 14:38:21 INFO  time: compiled practical-04 in 2.96s
2024.07.08 14:38:21 INFO  running 'C:\Users\pehan\AppData\Local\Coursier\cache\arc\https\github.com\adoptium\temurin17-binaries\releases\download\jdk-17%252B35\OpenJDK17-jdk_x64_windows_hotspot_17_35.zip\jdk-17+35\bin\java.exe -Djline.terminal=jline.UnsupportedTerminal -Dsbt.log.noformat=true -Dfile.encoding=UTF-8 -jar C:\Users\pehan\AppData\Local\Temp\metals12065807746786621385\sbt-launch.jar -Dbloop.export-jar-classifiers=sources bloopInstall'
2024.07.08 14:38:25 INFO  [info] welcome to sbt 1.9.9 (Eclipse Adoptium Java 17)
2024.07.08 14:38:26 INFO  [info] loading settings for project practical-04-build-build from metals.sbt ...
2024.07.08 14:38:28 INFO  [info] loading project definition from D:\UCSC\FP\Practical 04\practical-04\project\project
2024.07.08 14:38:30 INFO  [info] loading settings for project practical-04-build from metals.sbt ...
2024.07.08 14:38:30 INFO  [info] loading project definition from D:\UCSC\FP\Practical 04\practical-04\project
2024.07.08 14:38:33 INFO  [success] Generated .bloop\practical-04-build.json
2024.07.08 14:38:33 INFO  [success] Total time: 3 s, completed 8 Jul 2024, 14:38:33
2024.07.08 14:38:33 INFO  [info] loading settings for project practical-04 from build.sbt ...
2024.07.08 14:38:33 INFO  [info] set current project to hello-world (in build file:/D:/UCSC/FP/Practical%2004/practical-04/)
2024.07.08 14:38:35 INFO  [success] Generated .bloop\practical-04-test.json
2024.07.08 14:38:35 INFO  [success] Generated .bloop\practical-04.json
2024.07.08 14:38:35 INFO  [success] Total time: 0 s, completed 8 Jul 2024, 14:38:35
2024.07.08 14:38:35 INFO  time: ran 'sbt bloopInstall' in 13s
2024.07.08 14:38:35 INFO  Disconnecting from Bloop session...
2024.07.08 14:38:35 INFO  Shut down connection with build server.
2024.07.08 14:38:35 INFO  Shut down connection with build server.
2024.07.08 14:38:35 INFO  Attempting to connect to the build server...
2024.07.08 14:38:35 INFO  tracing is disabled for protocol BSP, to enable tracing of incoming and outgoing JSON messages create an empty file at D:\UCSC\FP\Practical 04\practical-04\.metals\bsp.trace.json or C:\Users\pehan\AppData\Local\scalameta\metals\cache\bsp.trace.json
2024.07.08 14:38:35 INFO  Attempting to connect to the build server...
2024.07.08 14:38:35 INFO  tracing is disabled for protocol BSP, to enable tracing of incoming and outgoing JSON messages create an empty file at D:\UCSC\FP\Practical 04\practical-04\project\.metals\bsp.trace.json or C:\Users\pehan\AppData\Local\scalameta\metals\cache\bsp.trace.json
2024.07.08 14:38:35 INFO  time: Connected to build server in 0.18s
2024.07.08 14:38:35 INFO  Connected to Build server: Bloop v1.5.18
2024.07.08 14:38:38 INFO  time: indexed workspace in 2.87s
Jul 08, 2024 2:39:47 PM org.eclipse.lsp4j.jsonrpc.RemoteEndpoint handleCancellation
WARNING: Unmatched cancel notification for request id 121
2024.07.08 14:39:57 INFO  compiling practical-04 (1 scala source)
2024.07.08 14:39:58 INFO  time: compiled practical-04 in 1.67s
2024.07.08 14:40:06 INFO  no build target found for D:\UCSC\FP\Practical 04\practical-04\src\question2.scala. Using presentation compiler with project's scala-library version: 2.13.12
2024.07.08 14:40:06 INFO  no build target found for D:\UCSC\FP\Practical 04\practical-04\src\question2.scala. Using presentation compiler with project's scala-library version: 2.13.12
2024.07.08 14:40:24 INFO  no build target found for d:\UCSC\FP\Practical 04\practical-04\src\question2.scala. Using presentation compiler with project's scala-library version: 2.13.12
Jul 08, 2024 2:40:25 PM org.eclipse.lsp4j.jsonrpc.RemoteEndpoint handleCancellation
WARNING: Unmatched cancel notification for request id 163
2024.07.08 14:41:04 ERROR SLF4J: Failed to load class "org.slf4j.impl.StaticLoggerBinder".
2024.07.08 14:41:04 ERROR SLF4J: Defaulting to no-operation (NOP) logger implementation
2024.07.08 14:41:04 ERROR SLF4J: See http://www.slf4j.org/codes.html#StaticLoggerBinder for further details.
2024.07.08 14:41:08 INFO  
2024.07.08 14:41:08 INFO  Template applied in D:\UCSC\FP\Practical 04\.\practical04-2
2024.07.08 14:41:08 INFO  
2024.07.08 14:41:08 INFO  time: ran 'giter8.Giter8' in 4.76s
2024.07.08 14:51:25 INFO  Shutting down server
2024.07.08 14:51:25 INFO  shutting down Metals
2024.07.08 14:51:26 INFO  Shut down connection with build server.
2024.07.08 14:51:26 INFO  Shut down connection with build server.
2024.07.08 14:51:25 INFO  Exiting server
2024.07.08 14:51:52 INFO  Started: Metals version 1.3.2 in folders 'D:\UCSC\FP\Practical 04\practical-04' for client Visual Studio Code 1.91.0.
SLF4J(W): Class path contains multiple SLF4J providers.
SLF4J(W): Found provider [scribe.slf4j.ScribeServiceProvider@240dce9e]
SLF4J(W): Found provider [ch.qos.logback.classic.spi.LogbackServiceProvider@c564222]
SLF4J(W): See https://www.slf4j.org/codes.html#multiple_bindings for an explanation.
SLF4J(I): Actual provider is of type [scribe.slf4j.ScribeServiceProvider@240dce9e]
2024.07.08 14:51:52 WARN  Flyway upgrade recommended: H2 2.2.224 is newer than this version of Flyway and support has not been tested. The latest supported version of H2 is 2.2.220.
2024.07.08 14:51:55 INFO  no build target found for D:\UCSC\FP\Practical 04\practical-04\src\main\scala\question1.scala. Using presentation compiler with project's scala-library version: 3.3.3
2024.07.08 14:51:55 INFO  Attempting to connect to the build server...
2024.07.08 14:51:55 INFO  tracing is disabled for protocol BSP, to enable tracing of incoming and outgoing JSON messages create an empty file at D:\UCSC\FP\Practical 04\practical-04\.metals\bsp.trace.json or C:\Users\pehan\AppData\Local\scalameta\metals\cache\bsp.trace.json
2024.07.08 14:51:55 INFO  Attempting to connect to the build server...
2024.07.08 14:51:56 INFO  tracing is disabled for protocol BSP, to enable tracing of incoming and outgoing JSON messages create an empty file at D:\UCSC\FP\Practical 04\practical-04\project\.metals\bsp.trace.json or C:\Users\pehan\AppData\Local\scalameta\metals\cache\bsp.trace.json
2024.07.08 14:51:56 INFO  time: Connected to build server in 1.02s
2024.07.08 14:51:56 INFO  Connected to Build server: Bloop v1.5.18
2024.07.08 14:51:57 INFO  time: Imported build in 0.68s
2024.07.08 14:52:03 INFO  time: indexed workspace in 5.41s
2024.07.08 14:54:12 INFO  Shutting down server
2024.07.08 14:54:12 INFO  shutting down Metals
2024.07.08 14:54:13 INFO  Shut down connection with build server.
2024.07.08 14:54:13 INFO  Shut down connection with build server.
2024.07.08 14:54:12 INFO  Exiting server
